<?xml version="1.0" encoding="UTF-8"?>
<!-- Generated by org.testng.reporters.JUnitXMLReporter -->
<testsuite ignored="0" hostname="LAPTOP-J8JF1UBS" failures="1" tests="1" name="Cucumber Tests" time="140.192" errors="0" timestamp="2025-03-01T13:44:30 EET">
  <testcase classname="io.cucumber.testng.AbstractTestNGCucumberTests" name="runScenario" time="139.601">
    <failure type="java.lang.AssertionError" message="Login was not successful - Welcome message not found! expected [true] but found [false]">
      <![CDATA[java.lang.AssertionError: Login was not successful - Welcome message not found! expected [true] but found [false]
at org.example.forcegetregister.steps.RegisterSteps.loginShouldBeSuccessful(RegisterSteps.java:148)
at ✽.login should be successful(file:///C:/Users/devop/OneDrive/Masaüstü/ForgeceRegister/src/test/resources/features/register.feature:14)
... Removed 3 stack frames]]>
    </failure>
  </testcase> <!-- runScenario -->
</testsuite> <!-- Cucumber Tests -->
